<?xml version="1.0" encoding="UTF-8"?>
<testng-results skipped="0" failed="0" total="1" passed="1">
  <reporter-output>
  </reporter-output>
  <suite name="Default suite" duration-ms="23" started-at="2020-06-14T13:42:44Z" finished-at="2020-06-14T13:42:44Z">
    <groups>
    </groups>
    <test name="Default test" duration-ms="23" started-at="2020-06-14T13:42:44Z" finished-at="2020-06-14T13:42:44Z">
      <class name="com.orange.FirstTest">
        <test-method status="PASS" signature="f2()[pri:0, instance:com.orange.FirstTest@1b40d5f0]" name="f2" duration-ms="9" started-at="2020-06-14T21:42:44Z" finished-at="2020-06-14T21:42:44Z">
          <reporter-output>
          </reporter-output>
        </test-method> <!-- f2 -->
      </class> <!-- com.orange.FirstTest -->
    </test> <!-- Default test -->
  </suite> <!-- Default suite -->
</testng-results>
